2022-09-15 08:32:18,291 dag.py bulk_write_to_db [line:2429] INFO Sync 1 DAGs
2022-09-15 08:32:18,307 dag.py calculate_dagrun_date_fields [line:2977] INFO Setting next_dagrun for csc_database_etl to None, run_after=None
2022-09-15 08:32:50,160 dag.py bulk_write_to_db [line:2429] INFO Sync 1 DAGs
2022-09-15 08:32:50,169 dag.py calculate_dagrun_date_fields [line:2977] INFO Setting next_dagrun for csc_database_etl to None, run_after=None
2022-09-15 08:33:00,468 task_command.py task_run [line:371] INFO Running [01m<TaskInstance: csc_database_etl.E_suntime_fin_performance_express manual__2022-09-15T00:32:57.719879+00:00 [queued]>[22m on host [01m163.43.168.192.in-addr.arpa[22m
2022-09-15 08:33:02,455 task_command.py task_run [line:371] INFO Running [01m<TaskInstance: csc_database_etl.E_suntime_fin_performance_expressb manual__2022-09-15T00:32:57.719879+00:00 [queued]>[22m on host [01m163.43.168.192.in-addr.arpa[22m
2022-09-15 08:33:04,247 task_command.py task_run [line:371] INFO Running [01m<TaskInstance: csc_database_etl.E_wind_AShareProfitExpress manual__2022-09-15T00:32:57.719879+00:00 [queued]>[22m on host [01m163.43.168.192.in-addr.arpa[22m
2022-09-15 08:33:05,796 task_command.py task_run [line:371] INFO Running [01m<TaskInstance: csc_database_etl.E_wind_AShareProfitExpressb manual__2022-09-15T00:32:57.719879+00:00 [queued]>[22m on host [01m163.43.168.192.in-addr.arpa[22m
2022-09-15 08:33:07,327 task_command.py task_run [line:371] INFO Running [01m<TaskInstance: csc_database_etl.E_wind_AShareProfitExpressb__1 manual__2022-09-15T00:32:57.719879+00:00 [queued]>[22m on host [01m163.43.168.192.in-addr.arpa[22m
2022-09-15 08:33:08,983 task_command.py task_run [line:371] INFO Running [01m<TaskInstance: csc_database_etl.T_suntime_fin_performance_express manual__2022-09-15T00:32:57.719879+00:00 [queued]>[22m on host [01m163.43.168.192.in-addr.arpa[22m
2022-09-15 08:33:10,461 task_command.py task_run [line:371] INFO Running [01m<TaskInstance: csc_database_etl.T_suntime_fin_performance_expressb manual__2022-09-15T00:32:57.719879+00:00 [queued]>[22m on host [01m163.43.168.192.in-addr.arpa[22m
2022-09-15 08:33:11,957 task_command.py task_run [line:371] INFO Running [01m<TaskInstance: csc_database_etl.T_wind_AShareProfitExpress manual__2022-09-15T00:32:57.719879+00:00 [queued]>[22m on host [01m163.43.168.192.in-addr.arpa[22m
2022-09-15 08:33:13,470 task_command.py task_run [line:371] INFO Running [01m<TaskInstance: csc_database_etl.T_wind_AShareProfitExpressb manual__2022-09-15T00:32:57.719879+00:00 [queued]>[22m on host [01m163.43.168.192.in-addr.arpa[22m
2022-09-15 08:33:14,914 task_command.py task_run [line:371] INFO Running [01m<TaskInstance: csc_database_etl.T_wind_AShareProfitExpressb__1 manual__2022-09-15T00:32:57.719879+00:00 [queued]>[22m on host [01m163.43.168.192.in-addr.arpa[22m
2022-09-15 08:33:16,528 task_command.py task_run [line:371] INFO Running [01m<TaskInstance: csc_database_etl.L_suntime_fin_performance_express manual__2022-09-15T00:32:57.719879+00:00 [queued]>[22m on host [01m163.43.168.192.in-addr.arpa[22m
2022-09-15 08:33:18,167 task_command.py task_run [line:371] INFO Running [01m<TaskInstance: csc_database_etl.L_suntime_fin_performance_expressb manual__2022-09-15T00:32:57.719879+00:00 [queued]>[22m on host [01m163.43.168.192.in-addr.arpa[22m
2022-09-15 08:33:19,924 task_command.py task_run [line:371] INFO Running [01m<TaskInstance: csc_database_etl.L_wind_AShareProfitExpress manual__2022-09-15T00:32:57.719879+00:00 [queued]>[22m on host [01m163.43.168.192.in-addr.arpa[22m
2022-09-15 08:33:21,663 task_command.py task_run [line:371] INFO Running [01m<TaskInstance: csc_database_etl.L_wind_AShareProfitExpressb manual__2022-09-15T00:32:57.719879+00:00 [queued]>[22m on host [01m163.43.168.192.in-addr.arpa[22m
2022-09-15 08:33:21,996 dag.py bulk_write_to_db [line:2429] INFO Sync 1 DAGs
2022-09-15 08:33:22,005 dag.py calculate_dagrun_date_fields [line:2977] INFO Setting next_dagrun for csc_database_etl to None, run_after=None
2022-09-15 08:33:23,409 task_command.py task_run [line:371] INFO Running [01m<TaskInstance: csc_database_etl.L_wind_AShareProfitExpressb__1 manual__2022-09-15T00:32:57.719879+00:00 [queued]>[22m on host [01m163.43.168.192.in-addr.arpa[22m
2022-09-15 08:33:25,185 task_command.py task_run [line:371] INFO Running [01m<TaskInstance: csc_database_etl.M_CSC_Test manual__2022-09-15T00:32:57.719879+00:00 [queued]>[22m on host [01m163.43.168.192.in-addr.arpa[22m
2022-09-15 08:33:26,880 task_command.py task_run [line:371] INFO Running [01m<TaskInstance: csc_database_etl.M_CSC_Test2 manual__2022-09-15T00:32:57.719879+00:00 [queued]>[22m on host [01m163.43.168.192.in-addr.arpa[22m
2022-09-15 08:33:28,676 task_command.py task_run [line:371] INFO Running [01m<TaskInstance: csc_database_etl.L_CSC_Test manual__2022-09-15T00:32:57.719879+00:00 [queued]>[22m on host [01m163.43.168.192.in-addr.arpa[22m
2022-09-15 08:33:30,352 task_command.py task_run [line:371] INFO Running [01m<TaskInstance: csc_database_etl.L_CSC_Test2 manual__2022-09-15T00:32:57.719879+00:00 [queued]>[22m on host [01m163.43.168.192.in-addr.arpa[22m
2022-09-15 08:33:31,860 dag.py handle_callback [line:1171] INFO Executing dag callback function: <function dag_success_alert at 0x12e377790>
2022-09-15 08:33:31,902 csc_etl_v2.py dag_success_alert [line:54] INFO DAG has succeeded, run_id: manual__2022-09-15T00:32:57.719879+00:00
2022-09-15 08:33:31,906 dag.py bulk_write_to_db [line:2429] INFO Sync 1 DAGs
2022-09-15 08:33:31,914 dag.py calculate_dagrun_date_fields [line:2977] INFO Setting next_dagrun for csc_database_etl to None, run_after=None
2022-09-15 08:34:03,785 dag.py bulk_write_to_db [line:2429] INFO Sync 1 DAGs
2022-09-15 08:34:03,793 dag.py calculate_dagrun_date_fields [line:2977] INFO Setting next_dagrun for csc_database_etl to None, run_after=None
2022-09-15 08:34:35,530 dag.py bulk_write_to_db [line:2429] INFO Sync 1 DAGs
2022-09-15 08:34:35,541 dag.py calculate_dagrun_date_fields [line:2977] INFO Setting next_dagrun for csc_database_etl to None, run_after=None
2022-09-15 08:35:07,306 dag.py bulk_write_to_db [line:2429] INFO Sync 1 DAGs
2022-09-15 08:35:07,317 dag.py calculate_dagrun_date_fields [line:2977] INFO Setting next_dagrun for csc_database_etl to None, run_after=None
2022-09-15 08:35:39,299 dag.py bulk_write_to_db [line:2429] INFO Sync 1 DAGs
2022-09-15 08:35:39,308 dag.py calculate_dagrun_date_fields [line:2977] INFO Setting next_dagrun for csc_database_etl to None, run_after=None
2022-09-15 08:36:11,642 dag.py bulk_write_to_db [line:2429] INFO Sync 1 DAGs
2022-09-15 08:36:11,653 dag.py calculate_dagrun_date_fields [line:2977] INFO Setting next_dagrun for csc_database_etl to None, run_after=None
2022-09-15 08:36:43,482 dag.py bulk_write_to_db [line:2429] INFO Sync 1 DAGs
2022-09-15 08:36:43,491 dag.py calculate_dagrun_date_fields [line:2977] INFO Setting next_dagrun for csc_database_etl to None, run_after=None
2022-09-15 08:37:15,402 dag.py bulk_write_to_db [line:2429] INFO Sync 1 DAGs
2022-09-15 08:37:15,410 dag.py calculate_dagrun_date_fields [line:2977] INFO Setting next_dagrun for csc_database_etl to None, run_after=None
2022-09-15 08:37:47,271 dag.py bulk_write_to_db [line:2429] INFO Sync 1 DAGs
2022-09-15 08:37:47,280 dag.py calculate_dagrun_date_fields [line:2977] INFO Setting next_dagrun for csc_database_etl to None, run_after=None
2022-09-15 08:38:18,734 dag.py bulk_write_to_db [line:2429] INFO Sync 1 DAGs
2022-09-15 08:38:18,745 dag.py calculate_dagrun_date_fields [line:2977] INFO Setting next_dagrun for csc_database_etl to None, run_after=None
2022-09-15 08:38:50,722 dag.py bulk_write_to_db [line:2429] INFO Sync 1 DAGs
2022-09-15 08:38:50,730 dag.py calculate_dagrun_date_fields [line:2977] INFO Setting next_dagrun for csc_database_etl to None, run_after=None
2022-09-15 08:39:22,038 dag.py bulk_write_to_db [line:2429] INFO Sync 1 DAGs
2022-09-15 08:39:22,048 dag.py calculate_dagrun_date_fields [line:2977] INFO Setting next_dagrun for csc_database_etl to None, run_after=None
2022-09-15 08:39:53,442 dag.py bulk_write_to_db [line:2429] INFO Sync 1 DAGs
2022-09-15 08:39:53,451 dag.py calculate_dagrun_date_fields [line:2977] INFO Setting next_dagrun for csc_database_etl to None, run_after=None
2022-09-15 08:40:25,260 dag.py bulk_write_to_db [line:2429] INFO Sync 1 DAGs
2022-09-15 08:40:25,269 dag.py calculate_dagrun_date_fields [line:2977] INFO Setting next_dagrun for csc_database_etl to None, run_after=None
2022-09-15 08:40:56,924 dag.py bulk_write_to_db [line:2429] INFO Sync 1 DAGs
2022-09-15 08:40:56,932 dag.py calculate_dagrun_date_fields [line:2977] INFO Setting next_dagrun for csc_database_etl to None, run_after=None
2022-09-15 08:41:28,357 dag.py bulk_write_to_db [line:2429] INFO Sync 1 DAGs
2022-09-15 08:41:28,365 dag.py calculate_dagrun_date_fields [line:2977] INFO Setting next_dagrun for csc_database_etl to None, run_after=None
2022-09-15 08:42:00,048 dag.py bulk_write_to_db [line:2429] INFO Sync 1 DAGs
2022-09-15 08:42:00,057 dag.py calculate_dagrun_date_fields [line:2977] INFO Setting next_dagrun for csc_database_etl to None, run_after=None
2022-09-15 08:42:31,609 dag.py bulk_write_to_db [line:2429] INFO Sync 1 DAGs
2022-09-15 08:42:31,618 dag.py calculate_dagrun_date_fields [line:2977] INFO Setting next_dagrun for csc_database_etl to None, run_after=None
2022-09-15 08:43:03,174 dag.py bulk_write_to_db [line:2429] INFO Sync 1 DAGs
2022-09-15 08:43:03,182 dag.py calculate_dagrun_date_fields [line:2977] INFO Setting next_dagrun for csc_database_etl to None, run_after=None
2022-09-15 08:43:34,400 dag.py bulk_write_to_db [line:2429] INFO Sync 1 DAGs
2022-09-15 08:43:34,409 dag.py calculate_dagrun_date_fields [line:2977] INFO Setting next_dagrun for csc_database_etl to None, run_after=None
2022-09-15 08:44:05,907 dag.py bulk_write_to_db [line:2429] INFO Sync 1 DAGs
2022-09-15 08:44:05,915 dag.py calculate_dagrun_date_fields [line:2977] INFO Setting next_dagrun for csc_database_etl to None, run_after=None
2022-09-15 08:44:37,521 dag.py bulk_write_to_db [line:2429] INFO Sync 1 DAGs
2022-09-15 08:44:37,530 dag.py calculate_dagrun_date_fields [line:2977] INFO Setting next_dagrun for csc_database_etl to None, run_after=None
2022-09-15 08:45:09,168 dag.py bulk_write_to_db [line:2429] INFO Sync 1 DAGs
2022-09-15 08:45:09,176 dag.py calculate_dagrun_date_fields [line:2977] INFO Setting next_dagrun for csc_database_etl to None, run_after=None
2022-09-15 08:45:40,461 dag.py bulk_write_to_db [line:2429] INFO Sync 1 DAGs
2022-09-15 08:45:40,470 dag.py calculate_dagrun_date_fields [line:2977] INFO Setting next_dagrun for csc_database_etl to None, run_after=None
2022-09-15 08:46:12,150 dag.py bulk_write_to_db [line:2429] INFO Sync 1 DAGs
2022-09-15 08:46:12,160 dag.py calculate_dagrun_date_fields [line:2977] INFO Setting next_dagrun for csc_database_etl to None, run_after=None
2022-09-15 08:46:43,598 dag.py bulk_write_to_db [line:2429] INFO Sync 1 DAGs
2022-09-15 08:46:43,607 dag.py calculate_dagrun_date_fields [line:2977] INFO Setting next_dagrun for csc_database_etl to None, run_after=None
2022-09-15 08:47:14,872 dag.py bulk_write_to_db [line:2429] INFO Sync 1 DAGs
2022-09-15 08:47:14,880 dag.py calculate_dagrun_date_fields [line:2977] INFO Setting next_dagrun for csc_database_etl to None, run_after=None
2022-09-15 08:47:46,843 dag.py bulk_write_to_db [line:2429] INFO Sync 1 DAGs
2022-09-15 08:47:46,851 dag.py calculate_dagrun_date_fields [line:2977] INFO Setting next_dagrun for csc_database_etl to None, run_after=None
2022-09-15 08:48:18,621 dag.py bulk_write_to_db [line:2429] INFO Sync 1 DAGs
2022-09-15 08:48:18,630 dag.py calculate_dagrun_date_fields [line:2977] INFO Setting next_dagrun for csc_database_etl to None, run_after=None
2022-09-15 08:48:50,637 dag.py bulk_write_to_db [line:2429] INFO Sync 1 DAGs
2022-09-15 08:48:50,645 dag.py calculate_dagrun_date_fields [line:2977] INFO Setting next_dagrun for csc_database_etl to None, run_after=None
2022-09-15 08:49:22,287 dag.py bulk_write_to_db [line:2429] INFO Sync 1 DAGs
2022-09-15 08:49:22,295 dag.py calculate_dagrun_date_fields [line:2977] INFO Setting next_dagrun for csc_database_etl to None, run_after=None
2022-09-15 08:49:53,814 dag.py bulk_write_to_db [line:2429] INFO Sync 1 DAGs
2022-09-15 08:49:53,824 dag.py calculate_dagrun_date_fields [line:2977] INFO Setting next_dagrun for csc_database_etl to None, run_after=None
2022-09-15 08:50:25,672 dag.py bulk_write_to_db [line:2429] INFO Sync 1 DAGs
2022-09-15 08:50:25,681 dag.py calculate_dagrun_date_fields [line:2977] INFO Setting next_dagrun for csc_database_etl to None, run_after=None
2022-09-15 08:50:57,121 dag.py bulk_write_to_db [line:2429] INFO Sync 1 DAGs
2022-09-15 08:50:57,130 dag.py calculate_dagrun_date_fields [line:2977] INFO Setting next_dagrun for csc_database_etl to None, run_after=None
2022-09-15 08:51:28,768 dag.py bulk_write_to_db [line:2429] INFO Sync 1 DAGs
2022-09-15 08:51:28,775 dag.py calculate_dagrun_date_fields [line:2977] INFO Setting next_dagrun for csc_database_etl to None, run_after=None
2022-09-15 08:52:00,300 dag.py bulk_write_to_db [line:2429] INFO Sync 1 DAGs
2022-09-15 08:52:00,309 dag.py calculate_dagrun_date_fields [line:2977] INFO Setting next_dagrun for csc_database_etl to None, run_after=None
2022-09-15 08:52:31,841 dag.py bulk_write_to_db [line:2429] INFO Sync 1 DAGs
2022-09-15 08:52:31,851 dag.py calculate_dagrun_date_fields [line:2977] INFO Setting next_dagrun for csc_database_etl to None, run_after=None
2022-09-15 08:53:03,314 dag.py bulk_write_to_db [line:2429] INFO Sync 1 DAGs
2022-09-15 08:53:03,323 dag.py calculate_dagrun_date_fields [line:2977] INFO Setting next_dagrun for csc_database_etl to None, run_after=None
2022-09-15 08:53:34,803 dag.py bulk_write_to_db [line:2429] INFO Sync 1 DAGs
2022-09-15 08:53:34,811 dag.py calculate_dagrun_date_fields [line:2977] INFO Setting next_dagrun for csc_database_etl to None, run_after=None
2022-09-15 08:54:06,376 dag.py bulk_write_to_db [line:2429] INFO Sync 1 DAGs
2022-09-15 08:54:06,385 dag.py calculate_dagrun_date_fields [line:2977] INFO Setting next_dagrun for csc_database_etl to None, run_after=None
2022-09-15 08:54:37,889 dag.py bulk_write_to_db [line:2429] INFO Sync 1 DAGs
2022-09-15 08:54:37,899 dag.py calculate_dagrun_date_fields [line:2977] INFO Setting next_dagrun for csc_database_etl to None, run_after=None
2022-09-15 08:55:09,800 dag.py bulk_write_to_db [line:2429] INFO Sync 1 DAGs
2022-09-15 08:55:09,809 dag.py calculate_dagrun_date_fields [line:2977] INFO Setting next_dagrun for csc_database_etl to None, run_after=None
2022-09-15 08:55:41,103 dag.py bulk_write_to_db [line:2429] INFO Sync 1 DAGs
2022-09-15 08:55:41,111 dag.py calculate_dagrun_date_fields [line:2977] INFO Setting next_dagrun for csc_database_etl to None, run_after=None
2022-09-15 08:56:13,161 dag.py bulk_write_to_db [line:2429] INFO Sync 1 DAGs
2022-09-15 08:56:13,171 dag.py calculate_dagrun_date_fields [line:2977] INFO Setting next_dagrun for csc_database_etl to None, run_after=None
2022-09-15 08:56:45,039 dag.py bulk_write_to_db [line:2429] INFO Sync 1 DAGs
2022-09-15 08:56:45,048 dag.py calculate_dagrun_date_fields [line:2977] INFO Setting next_dagrun for csc_database_etl to None, run_after=None
2022-09-15 08:57:16,542 dag.py bulk_write_to_db [line:2429] INFO Sync 1 DAGs
2022-09-15 08:57:16,553 dag.py calculate_dagrun_date_fields [line:2977] INFO Setting next_dagrun for csc_database_etl to None, run_after=None
2022-09-15 08:57:48,246 dag.py bulk_write_to_db [line:2429] INFO Sync 1 DAGs
2022-09-15 08:57:48,255 dag.py calculate_dagrun_date_fields [line:2977] INFO Setting next_dagrun for csc_database_etl to None, run_after=None
2022-09-15 08:58:19,608 dag.py bulk_write_to_db [line:2429] INFO Sync 1 DAGs
2022-09-15 08:58:19,616 dag.py calculate_dagrun_date_fields [line:2977] INFO Setting next_dagrun for csc_database_etl to None, run_after=None
2022-09-15 08:58:50,890 dag.py bulk_write_to_db [line:2429] INFO Sync 1 DAGs
2022-09-15 08:58:50,896 dag.py calculate_dagrun_date_fields [line:2977] INFO Setting next_dagrun for csc_database_etl to None, run_after=None
2022-09-15 08:59:22,317 dag.py bulk_write_to_db [line:2429] INFO Sync 1 DAGs
2022-09-15 08:59:22,328 dag.py calculate_dagrun_date_fields [line:2977] INFO Setting next_dagrun for csc_database_etl to None, run_after=None
2022-09-15 08:59:53,977 dag.py bulk_write_to_db [line:2429] INFO Sync 1 DAGs
2022-09-15 08:59:53,984 dag.py calculate_dagrun_date_fields [line:2977] INFO Setting next_dagrun for csc_database_etl to None, run_after=None
2022-09-15 09:00:25,740 dag.py bulk_write_to_db [line:2429] INFO Sync 1 DAGs
2022-09-15 09:00:25,749 dag.py calculate_dagrun_date_fields [line:2977] INFO Setting next_dagrun for csc_database_etl to None, run_after=None
2022-09-15 09:00:57,163 dag.py bulk_write_to_db [line:2429] INFO Sync 1 DAGs
2022-09-15 09:00:57,172 dag.py calculate_dagrun_date_fields [line:2977] INFO Setting next_dagrun for csc_database_etl to None, run_after=None
2022-09-15 09:01:28,890 dag.py bulk_write_to_db [line:2429] INFO Sync 1 DAGs
2022-09-15 09:01:28,899 dag.py calculate_dagrun_date_fields [line:2977] INFO Setting next_dagrun for csc_database_etl to None, run_after=None
2022-09-15 09:02:00,219 dag.py bulk_write_to_db [line:2429] INFO Sync 1 DAGs
2022-09-15 09:02:00,228 dag.py calculate_dagrun_date_fields [line:2977] INFO Setting next_dagrun for csc_database_etl to None, run_after=None
2022-09-15 09:02:31,584 dag.py bulk_write_to_db [line:2429] INFO Sync 1 DAGs
2022-09-15 09:02:31,593 dag.py calculate_dagrun_date_fields [line:2977] INFO Setting next_dagrun for csc_database_etl to None, run_after=None
2022-09-15 09:03:02,956 dag.py bulk_write_to_db [line:2429] INFO Sync 1 DAGs
2022-09-15 09:03:02,965 dag.py calculate_dagrun_date_fields [line:2977] INFO Setting next_dagrun for csc_database_etl to None, run_after=None
2022-09-15 09:03:34,189 dag.py bulk_write_to_db [line:2429] INFO Sync 1 DAGs
2022-09-15 09:03:34,198 dag.py calculate_dagrun_date_fields [line:2977] INFO Setting next_dagrun for csc_database_etl to None, run_after=None
2022-09-15 09:04:05,784 dag.py bulk_write_to_db [line:2429] INFO Sync 1 DAGs
2022-09-15 09:04:05,792 dag.py calculate_dagrun_date_fields [line:2977] INFO Setting next_dagrun for csc_database_etl to None, run_after=None
2022-09-15 09:04:37,331 dag.py bulk_write_to_db [line:2429] INFO Sync 1 DAGs
2022-09-15 09:04:37,339 dag.py calculate_dagrun_date_fields [line:2977] INFO Setting next_dagrun for csc_database_etl to None, run_after=None
2022-09-15 09:05:08,753 dag.py bulk_write_to_db [line:2429] INFO Sync 1 DAGs
2022-09-15 09:05:08,762 dag.py calculate_dagrun_date_fields [line:2977] INFO Setting next_dagrun for csc_database_etl to None, run_after=None
2022-09-15 09:05:40,550 dag.py bulk_write_to_db [line:2429] INFO Sync 1 DAGs
2022-09-15 09:05:40,558 dag.py calculate_dagrun_date_fields [line:2977] INFO Setting next_dagrun for csc_database_etl to None, run_after=None
2022-09-15 09:06:12,471 dag.py bulk_write_to_db [line:2429] INFO Sync 1 DAGs
2022-09-15 09:06:12,479 dag.py calculate_dagrun_date_fields [line:2977] INFO Setting next_dagrun for csc_database_etl to None, run_after=None
2022-09-15 09:06:43,988 dag.py bulk_write_to_db [line:2429] INFO Sync 1 DAGs
2022-09-15 09:06:43,996 dag.py calculate_dagrun_date_fields [line:2977] INFO Setting next_dagrun for csc_database_etl to None, run_after=None
2022-09-15 09:07:15,567 dag.py bulk_write_to_db [line:2429] INFO Sync 1 DAGs
2022-09-15 09:07:15,576 dag.py calculate_dagrun_date_fields [line:2977] INFO Setting next_dagrun for csc_database_etl to None, run_after=None
2022-09-15 09:07:47,106 dag.py bulk_write_to_db [line:2429] INFO Sync 1 DAGs
2022-09-15 09:07:47,115 dag.py calculate_dagrun_date_fields [line:2977] INFO Setting next_dagrun for csc_database_etl to None, run_after=None
2022-09-15 09:08:18,467 dag.py bulk_write_to_db [line:2429] INFO Sync 1 DAGs
2022-09-15 09:08:18,475 dag.py calculate_dagrun_date_fields [line:2977] INFO Setting next_dagrun for csc_database_etl to None, run_after=None
2022-09-15 09:08:50,089 dag.py bulk_write_to_db [line:2429] INFO Sync 1 DAGs
2022-09-15 09:08:50,098 dag.py calculate_dagrun_date_fields [line:2977] INFO Setting next_dagrun for csc_database_etl to None, run_after=None
